app/build/intermediates/manifest_merge_blame_file/debug/manifest-merger-blame-debug-report.txt
1<?xml version="1.0" encoding="utf-8"?>
2<manifest xmlns:android="http://schemas.android.com/apk/res/android"
3    package="com.example.assignment_3"
4    android:versionCode="1"
5    android:versionName="1.0" >
6
7    <uses-sdk
8        android:minSdkVersion="21"
8-->src/main/AndroidManifest.xml
9        android:targetSdkVersion="32" />
9-->src/main/AndroidManifest.xml
10
11    <!-- Although the *SdkVersion is captured in gradle build files, this is required for non gradle builds -->
12    <!-- <uses-sdk android:minSdkVersion="14"/> -->
13    <uses-permission android:name="android.permission.ACCESS_NETWORK_STATE" />
13-->[com.google.firebase:firebase-database:20.0.4] AndroidManifest.xml:25:5-79
13-->[com.google.firebase:firebase-database:20.0.4] AndroidManifest.xml:25:22-76
14    <uses-permission android:name="android.permission.INTERNET" />
14-->[com.google.firebase:firebase-database:20.0.4] AndroidManifest.xml:26:5-67
14-->[com.google.firebase:firebase-database:20.0.4] AndroidManifest.xml:26:22-64
15    <uses-permission android:name="android.permission.WAKE_LOCK" /> <!-- Required by older versions of Google Play services to create IID tokens -->
15-->[com.google.firebase:firebase-messaging:23.0.2] AndroidManifest.xml:26:5-68
15-->[com.google.firebase:firebase-messaging:23.0.2] AndroidManifest.xml:26:22-65
16    <uses-permission android:name="com.google.android.c2dm.permission.RECEIVE" />
16-->[com.google.firebase:firebase-messaging:23.0.2] AndroidManifest.xml:28:5-82
16-->[com.google.firebase:firebase-messaging:23.0.2] AndroidManifest.xml:28:22-79
17
18    <application
18-->src/main/AndroidManifest.xml:5:5-33:19
19        android:allowBackup="true"
19-->src/main/AndroidManifest.xml:6:9-35
20        android:appComponentFactory="androidx.core.app.CoreComponentFactory"
20-->[androidx.core:core:1.7.0] AndroidManifest.xml:24:18-86
21        android:debuggable="true"
22        android:icon="@mipmap/ic_launcher"
22-->src/main/AndroidManifest.xml:7:9-43
23        android:label="@string/app_name"
23-->src/main/AndroidManifest.xml:8:9-41
24        android:roundIcon="@mipmap/ic_launcher_round"
24-->src/main/AndroidManifest.xml:9:9-54
25        android:supportsRtl="true"
25-->src/main/AndroidManifest.xml:10:9-35
26        android:testOnly="true"
27        android:theme="@style/Theme.Assignment_3" >
27-->src/main/AndroidManifest.xml:11:9-50
28        <activity
28-->src/main/AndroidManifest.xml:12:9-14:40
29            android:name="com.example.assignment_3.AddBookActivity"
29-->src/main/AndroidManifest.xml:13:13-44
30            android:exported="false" />
30-->src/main/AndroidManifest.xml:14:13-37
31
32        <service
32-->src/main/AndroidManifest.xml:16:9-22:19
33            android:name="com.example.assignment_3.FirebaseService"
33-->src/main/AndroidManifest.xml:17:13-44
34            android:exported="false" >
34-->src/main/AndroidManifest.xml:18:13-37
35            <intent-filter>
35-->src/main/AndroidManifest.xml:19:13-21:29
36                <action android:name="com.google.firebase.MESSAGING_EVENT" />
36-->src/main/AndroidManifest.xml:20:17-78
36-->src/main/AndroidManifest.xml:20:25-75
37            </intent-filter>
38        </service>
39
40        <activity
40-->src/main/AndroidManifest.xml:24:9-32:20
41            android:name="com.example.assignment_3.MainActivity"
41-->src/main/AndroidManifest.xml:25:13-41
42            android:exported="true" >
42-->src/main/AndroidManifest.xml:26:13-36
43            <intent-filter>
43-->src/main/AndroidManifest.xml:27:13-31:29
44                <action android:name="android.intent.action.MAIN" />
44-->src/main/AndroidManifest.xml:28:17-69
44-->src/main/AndroidManifest.xml:28:25-66
45
46                <category android:name="android.intent.category.LAUNCHER" />
46-->src/main/AndroidManifest.xml:30:17-77
46-->src/main/AndroidManifest.xml:30:27-74
47            </intent-filter>
48        </activity>
49
50        <service
50-->[com.google.firebase:firebase-database-ktx:20.0.4] AndroidManifest.xml:12:9-18:19
51            android:name="com.google.firebase.components.ComponentDiscoveryService"
51-->[com.google.firebase:firebase-database-ktx:20.0.4] AndroidManifest.xml:13:13-84
52            android:directBootAware="true"
52-->[com.google.firebase:firebase-common:20.1.0] AndroidManifest.xml:35:13-43
53            android:exported="false" >
53-->[com.google.firebase:firebase-database-ktx:20.0.4] AndroidManifest.xml:14:13-37
54            <meta-data
54-->[com.google.firebase:firebase-database-ktx:20.0.4] AndroidManifest.xml:15:13-17:85
55                android:name="com.google.firebase.components:com.google.firebase.database.ktx.FirebaseDatabaseKtxRegistrar"
55-->[com.google.firebase:firebase-database-ktx:20.0.4] AndroidManifest.xml:16:17-124
56                android:value="com.google.firebase.components.ComponentRegistrar" />
56-->[com.google.firebase:firebase-database-ktx:20.0.4] AndroidManifest.xml:17:17-82
57            <meta-data
57-->[com.google.firebase:firebase-messaging-ktx:23.0.2] AndroidManifest.xml:29:13-31:85
58                android:name="com.google.firebase.components:com.google.firebase.messaging.ktx.FirebaseMessagingKtxRegistrar"
58-->[com.google.firebase:firebase-messaging-ktx:23.0.2] AndroidManifest.xml:30:17-126
59                android:value="com.google.firebase.components.ComponentRegistrar" />
59-->[com.google.firebase:firebase-messaging-ktx:23.0.2] AndroidManifest.xml:31:17-82
60            <meta-data
60-->[com.google.firebase:firebase-common-ktx:20.1.0] AndroidManifest.xml:15:13-17:85
61                android:name="com.google.firebase.components:com.google.firebase.ktx.FirebaseCommonKtxRegistrar"
61-->[com.google.firebase:firebase-common-ktx:20.1.0] AndroidManifest.xml:16:17-113
62                android:value="com.google.firebase.components.ComponentRegistrar" />
62-->[com.google.firebase:firebase-common-ktx:20.1.0] AndroidManifest.xml:17:17-82
63            <meta-data
63-->[com.google.firebase:firebase-database:20.0.4] AndroidManifest.xml:32:13-34:85
64                android:name="com.google.firebase.components:com.google.firebase.database.DatabaseRegistrar"
64-->[com.google.firebase:firebase-database:20.0.4] AndroidManifest.xml:33:17-109
65                android:value="com.google.firebase.components.ComponentRegistrar" />
65-->[com.google.firebase:firebase-database:20.0.4] AndroidManifest.xml:34:17-82
66            <meta-data
66-->[com.google.firebase:firebase-messaging:23.0.2] AndroidManifest.xml:55:13-57:85
67                android:name="com.google.firebase.components:com.google.firebase.messaging.FirebaseMessagingRegistrar"
67-->[com.google.firebase:firebase-messaging:23.0.2] AndroidManifest.xml:56:17-119
68                android:value="com.google.firebase.components.ComponentRegistrar" />
68-->[com.google.firebase:firebase-messaging:23.0.2] AndroidManifest.xml:57:17-82
69            <meta-data
69-->[com.google.firebase:firebase-datatransport:18.1.1] AndroidManifest.xml:28:13-30:85
70                android:name="com.google.firebase.components:com.google.firebase.datatransport.TransportRegistrar"
70-->[com.google.firebase:firebase-datatransport:18.1.1] AndroidManifest.xml:29:17-115
71                android:value="com.google.firebase.components.ComponentRegistrar" />
71-->[com.google.firebase:firebase-datatransport:18.1.1] AndroidManifest.xml:30:17-82
72            <meta-data
72-->[com.google.firebase:firebase-installations:17.0.1] AndroidManifest.xml:18:13-20:85
73                android:name="com.google.firebase.components:com.google.firebase.installations.FirebaseInstallationsRegistrar"
73-->[com.google.firebase:firebase-installations:17.0.1] AndroidManifest.xml:19:17-127
74                android:value="com.google.firebase.components.ComponentRegistrar" />
74-->[com.google.firebase:firebase-installations:17.0.1] AndroidManifest.xml:20:17-82
75        </service>
76
77        <receiver
77-->[com.google.firebase:firebase-messaging:23.0.2] AndroidManifest.xml:31:9-38:20
78            android:name="com.google.firebase.iid.FirebaseInstanceIdReceiver"
78-->[com.google.firebase:firebase-messaging:23.0.2] AndroidManifest.xml:32:13-78
79            android:exported="true"
79-->[com.google.firebase:firebase-messaging:23.0.2] AndroidManifest.xml:33:13-36
80            android:permission="com.google.android.c2dm.permission.SEND" >
80-->[com.google.firebase:firebase-messaging:23.0.2] AndroidManifest.xml:34:13-73
81            <intent-filter>
81-->[com.google.firebase:firebase-messaging:23.0.2] AndroidManifest.xml:35:13-37:29
82                <action android:name="com.google.android.c2dm.intent.RECEIVE" />
82-->[com.google.firebase:firebase-messaging:23.0.2] AndroidManifest.xml:36:17-81
82-->[com.google.firebase:firebase-messaging:23.0.2] AndroidManifest.xml:36:25-78
83            </intent-filter>
84        </receiver>
85        <!--
86             FirebaseMessagingService performs security checks at runtime,
87             but set to not exported to explicitly avoid allowing another app to call it.
88        -->
89        <service
89-->[com.google.firebase:firebase-messaging:23.0.2] AndroidManifest.xml:44:9-51:19
90            android:name="com.google.firebase.messaging.FirebaseMessagingService"
90-->[com.google.firebase:firebase-messaging:23.0.2] AndroidManifest.xml:45:13-82
91            android:directBootAware="true"
91-->[com.google.firebase:firebase-messaging:23.0.2] AndroidManifest.xml:46:13-43
92            android:exported="false" >
92-->[com.google.firebase:firebase-messaging:23.0.2] AndroidManifest.xml:47:13-37
93            <intent-filter android:priority="-500" >
93-->src/main/AndroidManifest.xml:19:13-21:29
94                <action android:name="com.google.firebase.MESSAGING_EVENT" />
94-->src/main/AndroidManifest.xml:20:17-78
94-->src/main/AndroidManifest.xml:20:25-75
95            </intent-filter>
96        </service>
97
98        <provider
98-->[com.google.firebase:firebase-common:20.1.0] AndroidManifest.xml:26:9-31:39
99            android:name="com.google.firebase.provider.FirebaseInitProvider"
99-->[com.google.firebase:firebase-common:20.1.0] AndroidManifest.xml:27:13-77
100            android:authorities="com.example.assignment_3.firebaseinitprovider"
100-->[com.google.firebase:firebase-common:20.1.0] AndroidManifest.xml:28:13-72
101            android:directBootAware="true"
101-->[com.google.firebase:firebase-common:20.1.0] AndroidManifest.xml:29:13-43
102            android:exported="false"
102-->[com.google.firebase:firebase-common:20.1.0] AndroidManifest.xml:30:13-37
103            android:initOrder="100" />
103-->[com.google.firebase:firebase-common:20.1.0] AndroidManifest.xml:31:13-36
104
105        <activity
105-->[com.google.android.gms:play-services-base:18.0.1] AndroidManifest.xml:20:9-22:45
106            android:name="com.google.android.gms.common.api.GoogleApiActivity"
106-->[com.google.android.gms:play-services-base:18.0.1] AndroidManifest.xml:20:19-85
107            android:exported="false"
107-->[com.google.android.gms:play-services-base:18.0.1] AndroidManifest.xml:22:19-43
108            android:theme="@android:style/Theme.Translucent.NoTitleBar" />
108-->[com.google.android.gms:play-services-base:18.0.1] AndroidManifest.xml:21:19-78
109
110        <meta-data
110-->[com.google.android.gms:play-services-basement:18.0.0] AndroidManifest.xml:21:9-23:69
111            android:name="com.google.android.gms.version"
111-->[com.google.android.gms:play-services-basement:18.0.0] AndroidManifest.xml:22:13-58
112            android:value="@integer/google_play_services_version" />
112-->[com.google.android.gms:play-services-basement:18.0.0] AndroidManifest.xml:23:13-66
113
114        <provider
114-->[androidx.emoji2:emoji2:1.0.0] AndroidManifest.xml:26:9-34:20
115            android:name="androidx.startup.InitializationProvider"
115-->[androidx.emoji2:emoji2:1.0.0] AndroidManifest.xml:27:13-67
116            android:authorities="com.example.assignment_3.androidx-startup"
116-->[androidx.emoji2:emoji2:1.0.0] AndroidManifest.xml:28:13-68
117            android:exported="false" >
117-->[androidx.emoji2:emoji2:1.0.0] AndroidManifest.xml:29:13-37
118            <meta-data
118-->[androidx.emoji2:emoji2:1.0.0] AndroidManifest.xml:31:13-33:52
119                android:name="androidx.emoji2.text.EmojiCompatInitializer"
119-->[androidx.emoji2:emoji2:1.0.0] AndroidManifest.xml:32:17-75
120                android:value="androidx.startup" />
120-->[androidx.emoji2:emoji2:1.0.0] AndroidManifest.xml:33:17-49
121            <meta-data
121-->[androidx.lifecycle:lifecycle-process:2.4.0] AndroidManifest.xml:31:13-33:52
122                android:name="androidx.lifecycle.ProcessLifecycleInitializer"
122-->[androidx.lifecycle:lifecycle-process:2.4.0] AndroidManifest.xml:32:17-78
123                android:value="androidx.startup" />
123-->[androidx.lifecycle:lifecycle-process:2.4.0] AndroidManifest.xml:33:17-49
124        </provider>
125
126        <service
126-->[com.google.android.datatransport:transport-backend-cct:3.1.2] AndroidManifest.xml:29:9-35:19
127            android:name="com.google.android.datatransport.runtime.backends.TransportBackendDiscovery"
127-->[com.google.android.datatransport:transport-backend-cct:3.1.2] AndroidManifest.xml:30:13-103
128            android:exported="false" >
128-->[com.google.android.datatransport:transport-backend-cct:3.1.2] AndroidManifest.xml:31:13-37
129            <meta-data
129-->[com.google.android.datatransport:transport-backend-cct:3.1.2] AndroidManifest.xml:32:13-34:39
130                android:name="backend:com.google.android.datatransport.cct.CctBackendFactory"
130-->[com.google.android.datatransport:transport-backend-cct:3.1.2] AndroidManifest.xml:33:17-94
131                android:value="cct" />
131-->[com.google.android.datatransport:transport-backend-cct:3.1.2] AndroidManifest.xml:34:17-36
132        </service>
133        <service
133-->[com.google.android.datatransport:transport-runtime:3.1.2] AndroidManifest.xml:26:9-30:19
134            android:name="com.google.android.datatransport.runtime.scheduling.jobscheduling.JobInfoSchedulerService"
134-->[com.google.android.datatransport:transport-runtime:3.1.2] AndroidManifest.xml:27:13-117
135            android:exported="false"
135-->[com.google.android.datatransport:transport-runtime:3.1.2] AndroidManifest.xml:28:13-37
136            android:permission="android.permission.BIND_JOB_SERVICE" >
136-->[com.google.android.datatransport:transport-runtime:3.1.2] AndroidManifest.xml:29:13-69
137        </service>
138
139        <receiver
139-->[com.google.android.datatransport:transport-runtime:3.1.2] AndroidManifest.xml:32:9-34:40
140            android:name="com.google.android.datatransport.runtime.scheduling.jobscheduling.AlarmManagerSchedulerBroadcastReceiver"
140-->[com.google.android.datatransport:transport-runtime:3.1.2] AndroidManifest.xml:33:13-132
141            android:exported="false" />
141-->[com.google.android.datatransport:transport-runtime:3.1.2] AndroidManifest.xml:34:13-37
142    </application>
143
144</manifest>